Removed Pin From Net: NetName=ISL85_VCC Pin=C3-1
Removed Pin From Net: NetName=GND Pin=C3-2
Removed Pin From Net: NetName=VCC Pin=C4-1
Removed Pin From Net: NetName=NetC4_2 Pin=C4-2
Removed Pin From Net: NetName=NetC2_2 Pin=L1-1
Removed Pin From Net: NetName=NetC2_1 Pin=U1-3
Removed Pin From Net: NetName=NetC2_2 Pin=U1-5
Change Component Footprint: Designator=C1 Old Footprint=CAPC2013X140X50ML20T25 New Footprint=CAPC2013X145X48NL20T23
Change Component Footprint: Designator=C2 Old Footprint=CAPC2013X140X50ML20T25 New Footprint=CAPC2013X145X48NL20T23
Change Component Footprint: Designator=C3 Old Footprint=CAPC2013X140X50ML20T25 New Footprint=CAPC2013X145X48NL20T23
Change Component Footprint: Designator=C4 Old Footprint=CAPC2013X140X50ML20T25 New Footprint=CAPC2013X145X48NL20T23
Change Component Footprint: Designator=C5 Old Footprint=CAPC2013X140X50ML20T25 New Footprint=CAPC2013X145X48NL20T23
Change Component Footprint: Designator=C6 Old Footprint=CAPC2013X140X50ML20T25 New Footprint=CAPC2013X145X48NL20T23
Change Component Footprint: Designator=C7 Old Footprint=CAPC2013X140X50ML20T25 New Footprint=CAPC2013X145X48NL20T23
Change Component Footprint: Designator=C8 Old Footprint=CAPC2013X140X50ML20T25 New Footprint=CAPC2013X145X48NL20T23
Change Component Footprint: Designator=C9 Old Footprint=CAPC2013X140X50ML20T25 New Footprint=CAPC2013X145X48NL20T23
Change Component Footprint: Designator=C10 Old Footprint=CAPC2013X140X50ML20T25 New Footprint=CAPC2013X145X48NL20T23
Change Component Footprint: Designator=C11 Old Footprint=CAPC2013X140X50ML20T25 New Footprint=CAPC2013X145X48NL20T23
Change Component Footprint: Designator=C13 Old Footprint=CAPC2013X140X50ML20T25 New Footprint=CAPC2013X145X48NL20T23
Change Component Footprint: Designator=C15 Old Footprint=CAPC2013X140X50ML20T25 New Footprint=CAPC2013X145X48NL20T23
Change Managed Component Library Link : Designator=C1 Old VaultGUID=B7D15EC3-160A-466F-A46C-7801FE6295A7 New VaultGUID=B7D15EC3-160A-466F-A46C-7801FE6295A7 Old ItemGUID=E0E34DBC-29AD-43EA-8AF0-F32393ED6E2A New ItemGUID=860CA5F5-2207-4AB4-A4CB-4E4606FD3CBE Old RevisionGUID=AD3609CE-A470-4AA5-8A73-18BCF8E1FB95 New RevisionGUID=11ACAFDD-C3FA-41C6-9263-A43CBF2DC156
Change Managed Component Library Link : Designator=C2 Old VaultGUID=B7D15EC3-160A-466F-A46C-7801FE6295A7 New VaultGUID=B7D15EC3-160A-466F-A46C-7801FE6295A7 Old ItemGUID=E0E34DBC-29AD-43EA-8AF0-F32393ED6E2A New ItemGUID=860CA5F5-2207-4AB4-A4CB-4E4606FD3CBE Old RevisionGUID=AD3609CE-A470-4AA5-8A73-18BCF8E1FB95 New RevisionGUID=11ACAFDD-C3FA-41C6-9263-A43CBF2DC156
Change Managed Component Library Link : Designator=C3 Old VaultGUID=B7D15EC3-160A-466F-A46C-7801FE6295A7 New VaultGUID=B7D15EC3-160A-466F-A46C-7801FE6295A7 Old ItemGUID=E0E34DBC-29AD-43EA-8AF0-F32393ED6E2A New ItemGUID=860CA5F5-2207-4AB4-A4CB-4E4606FD3CBE Old RevisionGUID=AD3609CE-A470-4AA5-8A73-18BCF8E1FB95 New RevisionGUID=11ACAFDD-C3FA-41C6-9263-A43CBF2DC156
Change Managed Component Library Link : Designator=C4 Old VaultGUID=B7D15EC3-160A-466F-A46C-7801FE6295A7 New VaultGUID=B7D15EC3-160A-466F-A46C-7801FE6295A7 Old ItemGUID=E0E34DBC-29AD-43EA-8AF0-F32393ED6E2A New ItemGUID=860CA5F5-2207-4AB4-A4CB-4E4606FD3CBE Old RevisionGUID=AD3609CE-A470-4AA5-8A73-18BCF8E1FB95 New RevisionGUID=11ACAFDD-C3FA-41C6-9263-A43CBF2DC156
Change Managed Component Library Link : Designator=C5 Old VaultGUID=B7D15EC3-160A-466F-A46C-7801FE6295A7 New VaultGUID=B7D15EC3-160A-466F-A46C-7801FE6295A7 Old ItemGUID=E83EDAE8-33B9-451D-8629-1DBA7EB06F77 New ItemGUID=860CA5F5-2207-4AB4-A4CB-4E4606FD3CBE Old RevisionGUID=2B8A7521-10AB-498A-A0AE-8583EF6D7575 New RevisionGUID=11ACAFDD-C3FA-41C6-9263-A43CBF2DC156
Change Managed Component Library Link : Designator=C6 Old VaultGUID=B7D15EC3-160A-466F-A46C-7801FE6295A7 New VaultGUID=B7D15EC3-160A-466F-A46C-7801FE6295A7 Old ItemGUID=E83EDAE8-33B9-451D-8629-1DBA7EB06F77 New ItemGUID=860CA5F5-2207-4AB4-A4CB-4E4606FD3CBE Old RevisionGUID=2B8A7521-10AB-498A-A0AE-8583EF6D7575 New RevisionGUID=11ACAFDD-C3FA-41C6-9263-A43CBF2DC156
Change Managed Component Library Link : Designator=C7 Old VaultGUID=B7D15EC3-160A-466F-A46C-7801FE6295A7 New VaultGUID=B7D15EC3-160A-466F-A46C-7801FE6295A7 Old ItemGUID=E83EDAE8-33B9-451D-8629-1DBA7EB06F77 New ItemGUID=860CA5F5-2207-4AB4-A4CB-4E4606FD3CBE Old RevisionGUID=2B8A7521-10AB-498A-A0AE-8583EF6D7575 New RevisionGUID=11ACAFDD-C3FA-41C6-9263-A43CBF2DC156
Change Managed Component Library Link : Designator=C8 Old VaultGUID=B7D15EC3-160A-466F-A46C-7801FE6295A7 New VaultGUID=B7D15EC3-160A-466F-A46C-7801FE6295A7 Old ItemGUID=E83EDAE8-33B9-451D-8629-1DBA7EB06F77 New ItemGUID=860CA5F5-2207-4AB4-A4CB-4E4606FD3CBE Old RevisionGUID=2B8A7521-10AB-498A-A0AE-8583EF6D7575 New RevisionGUID=11ACAFDD-C3FA-41C6-9263-A43CBF2DC156
Change Managed Component Library Link : Designator=C9 Old VaultGUID=B7D15EC3-160A-466F-A46C-7801FE6295A7 New VaultGUID=B7D15EC3-160A-466F-A46C-7801FE6295A7 Old ItemGUID=E83EDAE8-33B9-451D-8629-1DBA7EB06F77 New ItemGUID=860CA5F5-2207-4AB4-A4CB-4E4606FD3CBE Old RevisionGUID=2B8A7521-10AB-498A-A0AE-8583EF6D7575 New RevisionGUID=11ACAFDD-C3FA-41C6-9263-A43CBF2DC156
Change Managed Component Library Link : Designator=C10 Old VaultGUID=B7D15EC3-160A-466F-A46C-7801FE6295A7 New VaultGUID=B7D15EC3-160A-466F-A46C-7801FE6295A7 Old ItemGUID=E83EDAE8-33B9-451D-8629-1DBA7EB06F77 New ItemGUID=860CA5F5-2207-4AB4-A4CB-4E4606FD3CBE Old RevisionGUID=2B8A7521-10AB-498A-A0AE-8583EF6D7575 New RevisionGUID=11ACAFDD-C3FA-41C6-9263-A43CBF2DC156
Change Managed Component Library Link : Designator=C11 Old VaultGUID=B7D15EC3-160A-466F-A46C-7801FE6295A7 New VaultGUID=B7D15EC3-160A-466F-A46C-7801FE6295A7 Old ItemGUID=E83EDAE8-33B9-451D-8629-1DBA7EB06F77 New ItemGUID=860CA5F5-2207-4AB4-A4CB-4E4606FD3CBE Old RevisionGUID=2B8A7521-10AB-498A-A0AE-8583EF6D7575 New RevisionGUID=11ACAFDD-C3FA-41C6-9263-A43CBF2DC156
Change Managed Component Library Link : Designator=C13 Old VaultGUID=B7D15EC3-160A-466F-A46C-7801FE6295A7 New VaultGUID=B7D15EC3-160A-466F-A46C-7801FE6295A7 Old ItemGUID=E83EDAE8-33B9-451D-8629-1DBA7EB06F77 New ItemGUID=860CA5F5-2207-4AB4-A4CB-4E4606FD3CBE Old RevisionGUID=2B8A7521-10AB-498A-A0AE-8583EF6D7575 New RevisionGUID=11ACAFDD-C3FA-41C6-9263-A43CBF2DC156
Change Managed Component Library Link : Designator=C15 Old VaultGUID=B7D15EC3-160A-466F-A46C-7801FE6295A7 New VaultGUID=B7D15EC3-160A-466F-A46C-7801FE6295A7 Old ItemGUID=E83EDAE8-33B9-451D-8629-1DBA7EB06F77 New ItemGUID=860CA5F5-2207-4AB4-A4CB-4E4606FD3CBE Old RevisionGUID=2B8A7521-10AB-498A-A0AE-8583EF6D7575 New RevisionGUID=11ACAFDD-C3FA-41C6-9263-A43CBF2DC156
Change component parameters: Designator = "C1" ("C1"); Footprint = "CAPC2013X140X50ML20T25"; UniqueID = "\OYJISCZV" ("\OYJISCZV")
Change component parameters (AddParameter): Name = "Manufacturer"; Value = "Vitramon"; VariantName = "[No Variations]"
Change component parameters (AddParameter): Name = "Part Number"; Value = "VJ0805Y104KXAMR"; VariantName = "[No Variations]"
Change component parameters: Designator = "C2" ("C2"); Footprint = "CAPC2013X140X50ML20T25"; UniqueID = "\RTJLUCFV" ("\RTJLUCFV")
Change component parameters (AddParameter): Name = "Manufacturer"; Value = "Vitramon"; VariantName = "[No Variations]"
Change component parameters (AddParameter): Name = "Part Number"; Value = "VJ0805Y104KXAMR"; VariantName = "[No Variations]"
Change component parameters: Designator = "C3" ("C3"); Footprint = "CAPC2013X140X50ML20T25"; UniqueID = "\BFNRYQPZ" ("\BFNRYQPZ")
Change component parameters (AddParameter): Name = "Manufacturer"; Value = "Vitramon"; VariantName = "[No Variations]"
Change component parameters (AddParameter): Name = "Part Number"; Value = "VJ0805Y104KXAMR"; VariantName = "[No Variations]"
Change component parameters: Designator = "C4" ("C4"); Footprint = "CAPC2013X140X50ML20T25"; UniqueID = "\QGUWNEER" ("\QGUWNEER")
Change component parameters (AddParameter): Name = "Manufacturer"; Value = "Vitramon"; VariantName = "[No Variations]"
Change component parameters (AddParameter): Name = "Part Number"; Value = "VJ0805Y104KXAMR"; VariantName = "[No Variations]"
Change component parameters: Designator = "C5" ("C5"); Footprint = "CAPC2013X140X50ML20T25"; UniqueID = "\HPINQCMU" ("\HPINQCMU")
Change component parameters (AddParameter): Name = "Manufacturer"; Value = "Vitramon"; VariantName = "[No Variations]"
Change component parameters (AddParameter): Name = "Part Number"; Value = "VJ0805Y104KXAMR"; VariantName = "[No Variations]"
Change component parameters: Designator = "C6" ("C6"); Footprint = "CAPC2013X140X50ML20T25"; UniqueID = "\DTHMNDYO" ("\DTHMNDYO")
Change component parameters (AddParameter): Name = "Manufacturer"; Value = "Vitramon"; VariantName = "[No Variations]"
Change component parameters (AddParameter): Name = "Part Number"; Value = "VJ0805Y104KXAMR"; VariantName = "[No Variations]"
Change component parameters: Designator = "C7" ("C7"); Footprint = "CAPC2013X140X50ML20T25"; UniqueID = "\NCDIDHEN" ("\NCDIDHEN")
Change component parameters (AddParameter): Name = "Manufacturer"; Value = "Vitramon"; VariantName = "[No Variations]"
Change component parameters (AddParameter): Name = "Part Number"; Value = "VJ0805Y104KXAMR"; VariantName = "[No Variations]"
Change component parameters: Designator = "C8" ("C8"); Footprint = "CAPC2013X140X50ML20T25"; UniqueID = "\WMUQUGXC" ("\WMUQUGXC")
Change component parameters (AddParameter): Name = "Manufacturer"; Value = "Vitramon"; VariantName = "[No Variations]"
Change component parameters (AddParameter): Name = "Part Number"; Value = "VJ0805Y104KXAMR"; VariantName = "[No Variations]"
Change component parameters: Designator = "C9" ("C9"); Footprint = "CAPC2013X140X50ML20T25"; UniqueID = "\QDLOVBWS" ("\QDLOVBWS")
Change component parameters (AddParameter): Name = "Manufacturer"; Value = "Vitramon"; VariantName = "[No Variations]"
Change component parameters (AddParameter): Name = "Part Number"; Value = "VJ0805Y104KXAMR"; VariantName = "[No Variations]"
Change component parameters: Designator = "C10" ("C10"); Footprint = "CAPC2013X140X50ML20T25"; UniqueID = "\QJPMZIRC" ("\QJPMZIRC")
Change component parameters (AddParameter): Name = "Manufacturer"; Value = "Vitramon"; VariantName = "[No Variations]"
Change component parameters (AddParameter): Name = "Part Number"; Value = "VJ0805Y104KXAMR"; VariantName = "[No Variations]"
Change component parameters: Designator = "C11" ("C11"); Footprint = "CAPC2013X140X50ML20T25"; UniqueID = "\SSGWRPQM" ("\SSGWRPQM")
Change component parameters (AddParameter): Name = "Manufacturer"; Value = "Vitramon"; VariantName = "[No Variations]"
Change component parameters (AddParameter): Name = "Part Number"; Value = "VJ0805Y104KXAMR"; VariantName = "[No Variations]"
Change component parameters: Designator = "C13" ("C13"); Footprint = "CAPC2013X140X50ML20T25"; UniqueID = "\TLGUACDI" ("\TLGUACDI")
Change component parameters (AddParameter): Name = "Manufacturer"; Value = "Vitramon"; VariantName = "[No Variations]"
Change component parameters (AddParameter): Name = "Part Number"; Value = "VJ0805Y104KXAMR"; VariantName = "[No Variations]"
Change component parameters: Designator = "C15" ("C15"); Footprint = "CAPC2013X140X50ML20T25"; UniqueID = "\OOXLRTAR" ("\OOXLRTAR")
Change component parameters (AddParameter): Name = "Manufacturer"; Value = "Vitramon"; VariantName = "[No Variations]"
Change component parameters (AddParameter): Name = "Part Number"; Value = "VJ0805Y104KXAMR"; VariantName = "[No Variations]"
Added Pin To Net: NetName=GND Pin=C3-1
Added Pin To Net: NetName=ISL85_VCC Pin=C3-2
Added Pin To Net: NetName=NetC4_2 Pin=C4-1
Added Pin To Net: NetName=VCC Pin=C4-2
Added Pin To Net: NetName=NetC2_1 Pin=L1-1
Added Pin To Net: NetName=NetC2_2 Pin=U1-3
Added Pin To Net: NetName=NetC2_1 Pin=U1-5
Change Net Name : Old Net Name=NetC4_2 New Net Name=NetC4_1
