Removed Member From Class: ClassName=Power Member=C2
Removed Member From Class: ClassName=Microcontrollers Member=C6
Removed Member From Class: ClassName=Power Member=C10
Removed Member From Class: ClassName=Power Member=C12
Removed Member From Class: ClassName=Power Member=C14
Removed Member From Class: ClassName=Interface Member=D3
Removed Member From Class: ClassName=Interface Member=D4
Removed Member From Class: ClassName=Interface Member=R2
Removed Member From Class: ClassName=Microcontrollers Member=R6
Removed Member From Class: ClassName=Interface Member=R9
Removed Member From Class: ClassName=Power Member=R10
Removed Member From Class: ClassName=Power Member=R11
Removed Member From Class: ClassName=Power Member=U1
Added Member To Class: ClassName=Microcontrollers Member=Component C3 100nF DWM
Added Member To Class: ClassName=Microcontrollers Member=Component C4 100nF DWM
Added Member To Class: ClassName=Power Member=Component C5 100nF
Added Member To Class: ClassName=Power Member=Component C7 100uF
Added Member To Class: ClassName=Power Member=Component C8 4.7uF
Added Member To Class: ClassName=Power Member=Component C9 1uF
Added Member To Class: ClassName=Interface Member=Component C13 100nF
Added Member To Class: ClassName=Power Member=Component D5 SOURCE_GATE_TVS
Added Member To Class: ClassName=Interface Member=Component D6 Power_Indicator
Added Member To Class: ClassName=Interface Member=Component D7 Status_LED
Added Member To Class: ClassName=Connectors Member=Component J3 Goldpin male header
Added Member To Class: ClassName=Connectors Member=Component J5 USB C
Added Member To Class: ClassName=Connectors Member=Component J6 DC_Connector
Added Member To Class: ClassName=Microcontrollers Member=Component R1 10k
Added Member To Class: ClassName=Power Member=Component R3 270k
Added Member To Class: ClassName=Power Member=Component R4 100k
Added Member To Class: ClassName=Power Member=Component R7 22.1k
Added Member To Class: ClassName=Interface Member=Component R12 220ohm
Added Member To Class: ClassName=Interface Member=Component R13 220ohm
Added Member To Class: ClassName=Interface Member=Component R14 220ohm
Added Member To Class: ClassName=Interface Member=Component R18 10k
Added Member To Class: ClassName=Interface Member=Component R23 220ohm
Added Member To Class: ClassName=Interface Member=Component SW3 RESET
Added Member To Class: ClassName=Power Member=Component U2 ISL85410FRZ-T
