Removed Member From Class: ClassName=Power Member=R24
Removed Member From Class: ClassName=Power Member=R25
Removed Member From Class: ClassName=Interface Member=R?
Change Component Designator: OldDesignator=C1 NewDesignator=C8
Change Component Designator: OldDesignator=C2 NewDesignator=C5
Change Component Designator: OldDesignator=C3 NewDesignator=C9
Change Component Designator: OldDesignator=C4 NewDesignator=C6
Change Component Designator: OldDesignator=C5 NewDesignator=C10
Change Component Designator: OldDesignator=C6 NewDesignator=C11
Change Component Designator: OldDesignator=C7 NewDesignator=C12
Change Component Designator: OldDesignator=C8 NewDesignator=C13
Change Component Designator: OldDesignator=C9 NewDesignator=C2
Change Component Designator: OldDesignator=C10 NewDesignator=C3
Change Component Designator: OldDesignator=C11 NewDesignator=C4
Change Component Designator: OldDesignator=C12 NewDesignator=C7
Change Component Designator: OldDesignator=C13 NewDesignator=C14
Change Component Designator: OldDesignator=C15 NewDesignator=C1
Change Component Designator: OldDesignator=D1 NewDesignator=D6
Change Component Designator: OldDesignator=D2 NewDesignator=D7
Change Component Designator: OldDesignator=D3 NewDesignator=D1
Change Component Designator: OldDesignator=D5 NewDesignator=D2
Change Component Designator: OldDesignator=D6 NewDesignator=D4
Change Component Designator: OldDesignator=D7 NewDesignator=D3
Change Component Designator: OldDesignator=D8 NewDesignator=D5
Change Component Designator: OldDesignator=J2 NewDesignator=J3
Change Component Designator: OldDesignator=J3 NewDesignator=J6
Change Component Designator: OldDesignator=J4 NewDesignator=J2
Change Component Designator: OldDesignator=J5 NewDesignator=J4
Change Component Designator: OldDesignator=J6 NewDesignator=J5
Change Component Designator: OldDesignator=Q1_A NewDesignator=Q1
Change Component Designator: OldDesignator=Q1_B NewDesignator=Q2
Change Component Designator: OldDesignator=Q1_C NewDesignator=Q3
Change Component Designator: OldDesignator=R1 NewDesignator=R6
Change Component Designator: OldDesignator=R2 NewDesignator=R7
Change Component Designator: OldDesignator=R3 NewDesignator=R5
Change Component Designator: OldDesignator=R4 NewDesignator=R8
Change Component Designator: OldDesignator=R5 NewDesignator=R10
Change Component Designator: OldDesignator=R7 NewDesignator=R11
Change Component Designator: OldDesignator=R9 NewDesignator=R12
Change Component Designator: OldDesignator=R11 NewDesignator=R13
Change Component Designator: OldDesignator=R13 NewDesignator=R9
Change Component Designator: OldDesignator=R14 NewDesignator=R16
Change Component Designator: OldDesignator=R15 NewDesignator=R1
Change Component Designator: OldDesignator=R16 NewDesignator=R2
Change Component Designator: OldDesignator=R17 NewDesignator=R18
Change Component Designator: OldDesignator=R18 NewDesignator=R23
Change Component Designator: OldDesignator=R23 NewDesignator=R17
Change Component Designator: OldDesignator=R24 NewDesignator=R3
Change Component Designator: OldDesignator=R25 NewDesignator=R4
Change Component Designator: OldDesignator=R26 NewDesignator=R15
Change Component Designator: OldDesignator=R? NewDesignator=R14
Change Component Designator: OldDesignator=SW1 NewDesignator=SW3
Change Component Designator: OldDesignator=SW2 NewDesignator=SW1
Change Component Designator: OldDesignator=SW3 NewDesignator=SW2
Change Component Designator: OldDesignator=U1 NewDesignator=U2
Change Component Designator: OldDesignator=U2 NewDesignator=U1
Change Net Name : Old Net Name=NetC2_1 New Net Name=NetC5_1
Change Net Name : Old Net Name=NetC2_2 New Net Name=NetC5_2
Change Net Name : Old Net Name=NetC4_1 New Net Name=NetC6_1
Change Net Name : Old Net Name=NetD1_2 New Net Name=NetD6_2
Change Net Name : Old Net Name=NetD2_2 New Net Name=NetD7_2
Change Net Name : Old Net Name=NetR3_2 New Net Name=NetR5_2
Change Net Name : Old Net Name=NetR4_2 New Net Name=NetR8_2
Change Net Name : Old Net Name=NetR18_2 New Net Name=NetR23_2
Added Member To Class: ClassName=Power Member=Component R5 100k
Added Member To Class: ClassName=Power Member=Component R8 100k
Added Member To Class: ClassName=Interface Member=Component R16 120ohm
