Change Component Designator: OldDesignator=C6 NewDesignator=C5
Change Component Designator: OldDesignator=C7 NewDesignator=C6
Change Component Designator: OldDesignator=C8 NewDesignator=C7
Change Component Designator: OldDesignator=C9 NewDesignator=C8
Added Pin To Net: NetName=GND Pin=J3-2
Added Pin To Net: NetName=GND Pin=J3-3
Added Pin To Net: NetName=GND Pin=J5-1
Added Pin To Net: NetName=GND Pin=J6-B1
Added Pin To Net: NetName=GND Pin=J6-B12
Change Net Name : Old Net Name=NetC6_2 New Net Name=NetC5_2
Change Net Name : Old Net Name=NetC7_2 New Net Name=NetC6_2
Change Net Name : Old Net Name=NetC8_2 New Net Name=NetC7_2
Change Net Name : Old Net Name=NetC9_2 New Net Name=NetC8_2
Added Pin To Net: NetName=Battery_Vin Pin=J5-2
Added Net: Name=Battery_Vin
Added Pin To Net: NetName=DC_Plug_Vin Pin=J3-4
Added Net: Name=DC_Plug_Vin
Added Pin To Net: NetName=Display_CLK Pin=J1-4
Added Net: Name=Display_CLK
Added Pin To Net: NetName=Display_DIO Pin=J1-3
Added Net: Name=Display_DIO
Added Pin To Net: NetName=UART_Vin Pin=J4-2
Added Net: Name=UART_Vin
Added Pin To Net: NetName=USB_Vin Pin=J6-B4
Added Pin To Net: NetName=USB_Vin Pin=J6-B9
Added Net: Name=USB_Vin
